<?xml version="1.0" encoding="UTF-8"?>
<testsuite xmlns:xsi="http://www.w3.org/2001/XMLSchema-instance" xsi:noNamespaceSchemaLocation="https://maven.apache.org/surefire/maven-surefire-plugin/xsd/surefire-test-report.xsd" name="com.ssafy.api.PortfolioRestControllerTests" time="0.407" tests="6" errors="4" skipped="0" failures="0">
  <properties>
    <property name="sun.desktop" value="windows"/>
    <property name="awt.toolkit" value="sun.awt.windows.WToolkit"/>
    <property name="file.encoding.pkg" value="sun.io"/>
    <property name="java.specification.version" value="1.8"/>
    <property name="sun.cpu.isalist" value="amd64"/>
    <property name="sun.jnu.encoding" value="MS949"/>
    <property name="java.class.path" value="C:\Users\multicampus\Documents\Workspace_ssafy2\webmobile-final\backend\target\test-classes;C:\Users\multicampus\Documents\Workspace_ssafy2\webmobile-final\backend\target\classes;C:\Users\multicampus\.m2\repository\org\springframework\boot\spring-boot-starter\2.1.6.RELEASE\spring-boot-starter-2.1.6.RELEASE.jar;C:\Users\multicampus\.m2\repository\org\springframework\boot\spring-boot\2.1.6.RELEASE\spring-boot-2.1.6.RELEASE.jar;C:\Users\multicampus\.m2\repository\org\springframework\boot\spring-boot-autoconfigure\2.1.6.RELEASE\spring-boot-autoconfigure-2.1.6.RELEASE.jar;C:\Users\multicampus\.m2\repository\javax\annotation\javax.annotation-api\1.3.2\javax.annotation-api-1.3.2.jar;C:\Users\multicampus\.m2\repository\org\springframework\spring-core\5.1.8.RELEASE\spring-core-5.1.8.RELEASE.jar;C:\Users\multicampus\.m2\repository\org\springframework\spring-jcl\5.1.8.RELEASE\spring-jcl-5.1.8.RELEASE.jar;C:\Users\multicampus\.m2\repository\org\yaml\snakeyaml\1.23\snakeyaml-1.23.jar;C:\Users\multicampus\.m2\repository\org\springframework\boot\spring-boot-starter-aop\2.1.6.RELEASE\spring-boot-starter-aop-2.1.6.RELEASE.jar;C:\Users\multicampus\.m2\repository\org\springframework\spring-aop\5.1.8.RELEASE\spring-aop-5.1.8.RELEASE.jar;C:\Users\multicampus\.m2\repository\org\aspectj\aspectjweaver\1.9.4\aspectjweaver-1.9.4.jar;C:\Users\multicampus\.m2\repository\org\springframework\boot\spring-boot-starter-test\2.1.6.RELEASE\spring-boot-starter-test-2.1.6.RELEASE.jar;C:\Users\multicampus\.m2\repository\org\springframework\boot\spring-boot-test\2.1.6.RELEASE\spring-boot-test-2.1.6.RELEASE.jar;C:\Users\multicampus\.m2\repository\org\springframework\boot\spring-boot-test-autoconfigure\2.1.6.RELEASE\spring-boot-test-autoconfigure-2.1.6.RELEASE.jar;C:\Users\multicampus\.m2\repository\com\jayway\jsonpath\json-path\2.4.0\json-path-2.4.0.jar;C:\Users\multicampus\.m2\repository\net\minidev\json-smart\2.3\json-smart-2.3.jar;C:\Users\multicampus\.m2\repository\net\minidev\accessors-smart\1.2\accessors-smart-1.2.jar;C:\Users\multicampus\.m2\repository\org\ow2\asm\asm\5.0.4\asm-5.0.4.jar;C:\Users\multicampus\.m2\repository\junit\junit\4.12\junit-4.12.jar;C:\Users\multicampus\.m2\repository\org\assertj\assertj-core\3.11.1\assertj-core-3.11.1.jar;C:\Users\multicampus\.m2\repository\org\mockito\mockito-core\2.23.4\mockito-core-2.23.4.jar;C:\Users\multicampus\.m2\repository\net\bytebuddy\byte-buddy\1.9.13\byte-buddy-1.9.13.jar;C:\Users\multicampus\.m2\repository\net\bytebuddy\byte-buddy-agent\1.9.13\byte-buddy-agent-1.9.13.jar;C:\Users\multicampus\.m2\repository\org\objenesis\objenesis\2.6\objenesis-2.6.jar;C:\Users\multicampus\.m2\repository\org\hamcrest\hamcrest-core\1.3\hamcrest-core-1.3.jar;C:\Users\multicampus\.m2\repository\org\hamcrest\hamcrest-library\1.3\hamcrest-library-1.3.jar;C:\Users\multicampus\.m2\repository\org\skyscreamer\jsonassert\1.5.0\jsonassert-1.5.0.jar;C:\Users\multicampus\.m2\repository\com\vaadin\external\google\android-json\0.0.20131108.vaadin1\android-json-0.0.20131108.vaadin1.jar;C:\Users\multicampus\.m2\repository\org\springframework\spring-test\5.1.8.RELEASE\spring-test-5.1.8.RELEASE.jar;C:\Users\multicampus\.m2\repository\org\xmlunit\xmlunit-core\2.6.2\xmlunit-core-2.6.2.jar;C:\Users\multicampus\.m2\repository\org\springframework\boot\spring-boot-starter-log4j2\2.1.6.RELEASE\spring-boot-starter-log4j2-2.1.6.RELEASE.jar;C:\Users\multicampus\.m2\repository\org\apache\logging\log4j\log4j-slf4j-impl\2.11.2\log4j-slf4j-impl-2.11.2.jar;C:\Users\multicampus\.m2\repository\org\apache\logging\log4j\log4j-api\2.11.2\log4j-api-2.11.2.jar;C:\Users\multicampus\.m2\repository\org\apache\logging\log4j\log4j-core\2.11.2\log4j-core-2.11.2.jar;C:\Users\multicampus\.m2\repository\org\apache\logging\log4j\log4j-jul\2.11.2\log4j-jul-2.11.2.jar;C:\Users\multicampus\.m2\repository\org\slf4j\jul-to-slf4j\1.7.26\jul-to-slf4j-1.7.26.jar;C:\Users\multicampus\.m2\repository\org\springframework\boot\spring-boot-starter-web\2.1.6.RELEASE\spring-boot-starter-web-2.1.6.RELEASE.jar;C:\Users\multicampus\.m2\repository\org\springframework\boot\spring-boot-starter-json\2.1.6.RELEASE\spring-boot-starter-json-2.1.6.RELEASE.jar;C:\Users\multicampus\.m2\repository\com\fasterxml\jackson\datatype\jackson-datatype-jdk8\2.9.9\jackson-datatype-jdk8-2.9.9.jar;C:\Users\multicampus\.m2\repository\com\fasterxml\jackson\datatype\jackson-datatype-jsr310\2.9.9\jackson-datatype-jsr310-2.9.9.jar;C:\Users\multicampus\.m2\repository\com\fasterxml\jackson\module\jackson-module-parameter-names\2.9.9\jackson-module-parameter-names-2.9.9.jar;C:\Users\multicampus\.m2\repository\org\springframework\boot\spring-boot-starter-tomcat\2.1.6.RELEASE\spring-boot-starter-tomcat-2.1.6.RELEASE.jar;C:\Users\multicampus\.m2\repository\org\apache\tomcat\embed\tomcat-embed-core\9.0.21\tomcat-embed-core-9.0.21.jar;C:\Users\multicampus\.m2\repository\org\apache\tomcat\embed\tomcat-embed-el\9.0.21\tomcat-embed-el-9.0.21.jar;C:\Users\multicampus\.m2\repository\org\apache\tomcat\embed\tomcat-embed-websocket\9.0.21\tomcat-embed-websocket-9.0.21.jar;C:\Users\multicampus\.m2\repository\org\hibernate\validator\hibernate-validator\6.0.17.Final\hibernate-validator-6.0.17.Final.jar;C:\Users\multicampus\.m2\repository\javax\validation\validation-api\2.0.1.Final\validation-api-2.0.1.Final.jar;C:\Users\multicampus\.m2\repository\org\jboss\logging\jboss-logging\3.3.2.Final\jboss-logging-3.3.2.Final.jar;C:\Users\multicampus\.m2\repository\com\fasterxml\classmate\1.4.0\classmate-1.4.0.jar;C:\Users\multicampus\.m2\repository\org\springframework\spring-web\5.1.8.RELEASE\spring-web-5.1.8.RELEASE.jar;C:\Users\multicampus\.m2\repository\org\springframework\spring-webmvc\5.1.8.RELEASE\spring-webmvc-5.1.8.RELEASE.jar;C:\Users\multicampus\.m2\repository\org\springframework\spring-expression\5.1.8.RELEASE\spring-expression-5.1.8.RELEASE.jar;C:\Users\multicampus\.m2\repository\org\mybatis\spring\boot\mybatis-spring-boot-starter\2.0.1\mybatis-spring-boot-starter-2.0.1.jar;C:\Users\multicampus\.m2\repository\org\mybatis\spring\boot\mybatis-spring-boot-autoconfigure\2.0.1\mybatis-spring-boot-autoconfigure-2.0.1.jar;C:\Users\multicampus\.m2\repository\org\mybatis\mybatis\3.5.1\mybatis-3.5.1.jar;C:\Users\multicampus\.m2\repository\org\mybatis\mybatis-spring\2.0.1\mybatis-spring-2.0.1.jar;C:\Users\multicampus\.m2\repository\org\springframework\boot\spring-boot-starter-thymeleaf\2.1.6.RELEASE\spring-boot-starter-thymeleaf-2.1.6.RELEASE.jar;C:\Users\multicampus\.m2\repository\org\thymeleaf\thymeleaf-spring5\3.0.11.RELEASE\thymeleaf-spring5-3.0.11.RELEASE.jar;C:\Users\multicampus\.m2\repository\org\thymeleaf\thymeleaf\3.0.11.RELEASE\thymeleaf-3.0.11.RELEASE.jar;C:\Users\multicampus\.m2\repository\org\attoparser\attoparser\2.0.5.RELEASE\attoparser-2.0.5.RELEASE.jar;C:\Users\multicampus\.m2\repository\org\unbescape\unbescape\1.1.6.RELEASE\unbescape-1.1.6.RELEASE.jar;C:\Users\multicampus\.m2\repository\org\thymeleaf\extras\thymeleaf-extras-java8time\3.0.4.RELEASE\thymeleaf-extras-java8time-3.0.4.RELEASE.jar;C:\Users\multicampus\.m2\repository\org\springframework\boot\spring-boot-devtools\2.1.6.RELEASE\spring-boot-devtools-2.1.6.RELEASE.jar;C:\Users\multicampus\.m2\repository\org\projectlombok\lombok\1.18.8\lombok-1.18.8.jar;C:\Users\multicampus\.m2\repository\org\springframework\boot\spring-boot-starter-jdbc\2.1.6.RELEASE\spring-boot-starter-jdbc-2.1.6.RELEASE.jar;C:\Users\multicampus\.m2\repository\com\zaxxer\HikariCP\3.2.0\HikariCP-3.2.0.jar;C:\Users\multicampus\.m2\repository\org\springframework\spring-jdbc\5.1.8.RELEASE\spring-jdbc-5.1.8.RELEASE.jar;C:\Users\multicampus\.m2\repository\org\springframework\spring-tx\5.1.8.RELEASE\spring-tx-5.1.8.RELEASE.jar;C:\Users\multicampus\.m2\repository\org\springframework\boot\spring-boot-starter-data-jpa\2.1.6.RELEASE\spring-boot-starter-data-jpa-2.1.6.RELEASE.jar;C:\Users\multicampus\.m2\repository\javax\transaction\javax.transaction-api\1.3\javax.transaction-api-1.3.jar;C:\Users\multicampus\.m2\repository\javax\xml\bind\jaxb-api\2.3.1\jaxb-api-2.3.1.jar;C:\Users\multicampus\.m2\repository\javax\activation\javax.activation-api\1.2.0\javax.activation-api-1.2.0.jar;C:\Users\multicampus\.m2\repository\org\hibernate\hibernate-core\5.3.10.Final\hibernate-core-5.3.10.Final.jar;C:\Users\multicampus\.m2\repository\javax\persistence\javax.persistence-api\2.2\javax.persistence-api-2.2.jar;C:\Users\multicampus\.m2\repository\org\javassist\javassist\3.23.2-GA\javassist-3.23.2-GA.jar;C:\Users\multicampus\.m2\repository\antlr\antlr\2.7.7\antlr-2.7.7.jar;C:\Users\multicampus\.m2\repository\org\jboss\jandex\2.0.5.Final\jandex-2.0.5.Final.jar;C:\Users\multicampus\.m2\repository\org\dom4j\dom4j\2.1.1\dom4j-2.1.1.jar;C:\Users\multicampus\.m2\repository\org\hibernate\common\hibernate-commons-annotations\5.0.4.Final\hibernate-commons-annotations-5.0.4.Final.jar;C:\Users\multicampus\.m2\repository\org\springframework\data\spring-data-jpa\2.1.9.RELEASE\spring-data-jpa-2.1.9.RELEASE.jar;C:\Users\multicampus\.m2\repository\org\springframework\data\spring-data-commons\2.1.9.RELEASE\spring-data-commons-2.1.9.RELEASE.jar;C:\Users\multicampus\.m2\repository\org\springframework\spring-orm\5.1.8.RELEASE\spring-orm-5.1.8.RELEASE.jar;C:\Users\multicampus\.m2\repository\org\springframework\spring-aspects\5.1.8.RELEASE\spring-aspects-5.1.8.RELEASE.jar;C:\Users\multicampus\.m2\repository\mysql\mysql-connector-java\8.0.16\mysql-connector-java-8.0.16.jar;C:\Users\multicampus\.m2\repository\org\springframework\hateoas\spring-hateoas\0.25.1.RELEASE\spring-hateoas-0.25.1.RELEASE.jar;C:\Users\multicampus\.m2\repository\org\springframework\spring-beans\5.1.8.RELEASE\spring-beans-5.1.8.RELEASE.jar;C:\Users\multicampus\.m2\repository\org\springframework\spring-context\5.1.8.RELEASE\spring-context-5.1.8.RELEASE.jar;C:\Users\multicampus\.m2\repository\org\slf4j\slf4j-api\1.7.26\slf4j-api-1.7.26.jar;C:\Users\multicampus\.m2\repository\com\fasterxml\jackson\core\jackson-databind\2.9.9\jackson-databind-2.9.9.jar;C:\Users\multicampus\.m2\repository\com\fasterxml\jackson\core\jackson-annotations\2.9.0\jackson-annotations-2.9.0.jar;C:\Users\multicampus\.m2\repository\com\fasterxml\jackson\core\jackson-core\2.9.9\jackson-core-2.9.9.jar;C:\Users\multicampus\.m2\repository\org\springframework\restdocs\spring-restdocs-mockmvc\2.0.3.RELEASE\spring-restdocs-mockmvc-2.0.3.RELEASE.jar;C:\Users\multicampus\.m2\repository\javax\servlet\javax.servlet-api\4.0.1\javax.servlet-api-4.0.1.jar;C:\Users\multicampus\.m2\repository\org\springframework\restdocs\spring-restdocs-core\2.0.3.RELEASE\spring-restdocs-core-2.0.3.RELEASE.jar;C:\Users\multicampus\.m2\repository\com\h2database\h2\1.4.199\h2-1.4.199.jar;"/>
    <property name="java.vm.vendor" value=""/>
    <property name="sun.arch.data.model" value="64"/>
    <property name="user.variant" value=""/>
    <property name="java.vendor.url" value="http://java.oracle.com/"/>
    <property name="user.timezone" value="Asia/Seoul"/>
    <property name="java.vm.specification.version" value="1.8"/>
    <property name="os.name" value="Windows 10"/>
    <property name="user.country" value="KR"/>
    <property name="sun.java.launcher" value="SUN_STANDARD"/>
    <property name="sun.boot.library.path" value="C:\Program Files\ojdkbuild\java-1.8.0-openjdk-1.8.0.212-1\jre\bin"/>
    <property name="sun.java.command" value="C:\Users\MULTIC~1\AppData\Local\Temp\surefire7798790618330930483\surefirebooter6932847971089635643.jar C:\Users\multicampus\AppData\Local\Temp\surefire7798790618330930483 2019-08-08T09-25-07_995-jvmRun1 surefire8669039599624790757tmp surefire_07847255197153435473tmp"/>
    <property name="surefire.test.class.path" value="C:\Users\multicampus\Documents\Workspace_ssafy2\webmobile-final\backend\target\test-classes;C:\Users\multicampus\Documents\Workspace_ssafy2\webmobile-final\backend\target\classes;C:\Users\multicampus\.m2\repository\org\springframework\boot\spring-boot-starter\2.1.6.RELEASE\spring-boot-starter-2.1.6.RELEASE.jar;C:\Users\multicampus\.m2\repository\org\springframework\boot\spring-boot\2.1.6.RELEASE\spring-boot-2.1.6.RELEASE.jar;C:\Users\multicampus\.m2\repository\org\springframework\boot\spring-boot-autoconfigure\2.1.6.RELEASE\spring-boot-autoconfigure-2.1.6.RELEASE.jar;C:\Users\multicampus\.m2\repository\javax\annotation\javax.annotation-api\1.3.2\javax.annotation-api-1.3.2.jar;C:\Users\multicampus\.m2\repository\org\springframework\spring-core\5.1.8.RELEASE\spring-core-5.1.8.RELEASE.jar;C:\Users\multicampus\.m2\repository\org\springframework\spring-jcl\5.1.8.RELEASE\spring-jcl-5.1.8.RELEASE.jar;C:\Users\multicampus\.m2\repository\org\yaml\snakeyaml\1.23\snakeyaml-1.23.jar;C:\Users\multicampus\.m2\repository\org\springframework\boot\spring-boot-starter-aop\2.1.6.RELEASE\spring-boot-starter-aop-2.1.6.RELEASE.jar;C:\Users\multicampus\.m2\repository\org\springframework\spring-aop\5.1.8.RELEASE\spring-aop-5.1.8.RELEASE.jar;C:\Users\multicampus\.m2\repository\org\aspectj\aspectjweaver\1.9.4\aspectjweaver-1.9.4.jar;C:\Users\multicampus\.m2\repository\org\springframework\boot\spring-boot-starter-test\2.1.6.RELEASE\spring-boot-starter-test-2.1.6.RELEASE.jar;C:\Users\multicampus\.m2\repository\org\springframework\boot\spring-boot-test\2.1.6.RELEASE\spring-boot-test-2.1.6.RELEASE.jar;C:\Users\multicampus\.m2\repository\org\springframework\boot\spring-boot-test-autoconfigure\2.1.6.RELEASE\spring-boot-test-autoconfigure-2.1.6.RELEASE.jar;C:\Users\multicampus\.m2\repository\com\jayway\jsonpath\json-path\2.4.0\json-path-2.4.0.jar;C:\Users\multicampus\.m2\repository\net\minidev\json-smart\2.3\json-smart-2.3.jar;C:\Users\multicampus\.m2\repository\net\minidev\accessors-smart\1.2\accessors-smart-1.2.jar;C:\Users\multicampus\.m2\repository\org\ow2\asm\asm\5.0.4\asm-5.0.4.jar;C:\Users\multicampus\.m2\repository\junit\junit\4.12\junit-4.12.jar;C:\Users\multicampus\.m2\repository\org\assertj\assertj-core\3.11.1\assertj-core-3.11.1.jar;C:\Users\multicampus\.m2\repository\org\mockito\mockito-core\2.23.4\mockito-core-2.23.4.jar;C:\Users\multicampus\.m2\repository\net\bytebuddy\byte-buddy\1.9.13\byte-buddy-1.9.13.jar;C:\Users\multicampus\.m2\repository\net\bytebuddy\byte-buddy-agent\1.9.13\byte-buddy-agent-1.9.13.jar;C:\Users\multicampus\.m2\repository\org\objenesis\objenesis\2.6\objenesis-2.6.jar;C:\Users\multicampus\.m2\repository\org\hamcrest\hamcrest-core\1.3\hamcrest-core-1.3.jar;C:\Users\multicampus\.m2\repository\org\hamcrest\hamcrest-library\1.3\hamcrest-library-1.3.jar;C:\Users\multicampus\.m2\repository\org\skyscreamer\jsonassert\1.5.0\jsonassert-1.5.0.jar;C:\Users\multicampus\.m2\repository\com\vaadin\external\google\android-json\0.0.20131108.vaadin1\android-json-0.0.20131108.vaadin1.jar;C:\Users\multicampus\.m2\repository\org\springframework\spring-test\5.1.8.RELEASE\spring-test-5.1.8.RELEASE.jar;C:\Users\multicampus\.m2\repository\org\xmlunit\xmlunit-core\2.6.2\xmlunit-core-2.6.2.jar;C:\Users\multicampus\.m2\repository\org\springframework\boot\spring-boot-starter-log4j2\2.1.6.RELEASE\spring-boot-starter-log4j2-2.1.6.RELEASE.jar;C:\Users\multicampus\.m2\repository\org\apache\logging\log4j\log4j-slf4j-impl\2.11.2\log4j-slf4j-impl-2.11.2.jar;C:\Users\multicampus\.m2\repository\org\apache\logging\log4j\log4j-api\2.11.2\log4j-api-2.11.2.jar;C:\Users\multicampus\.m2\repository\org\apache\logging\log4j\log4j-core\2.11.2\log4j-core-2.11.2.jar;C:\Users\multicampus\.m2\repository\org\apache\logging\log4j\log4j-jul\2.11.2\log4j-jul-2.11.2.jar;C:\Users\multicampus\.m2\repository\org\slf4j\jul-to-slf4j\1.7.26\jul-to-slf4j-1.7.26.jar;C:\Users\multicampus\.m2\repository\org\springframework\boot\spring-boot-starter-web\2.1.6.RELEASE\spring-boot-starter-web-2.1.6.RELEASE.jar;C:\Users\multicampus\.m2\repository\org\springframework\boot\spring-boot-starter-json\2.1.6.RELEASE\spring-boot-starter-json-2.1.6.RELEASE.jar;C:\Users\multicampus\.m2\repository\com\fasterxml\jackson\datatype\jackson-datatype-jdk8\2.9.9\jackson-datatype-jdk8-2.9.9.jar;C:\Users\multicampus\.m2\repository\com\fasterxml\jackson\datatype\jackson-datatype-jsr310\2.9.9\jackson-datatype-jsr310-2.9.9.jar;C:\Users\multicampus\.m2\repository\com\fasterxml\jackson\module\jackson-module-parameter-names\2.9.9\jackson-module-parameter-names-2.9.9.jar;C:\Users\multicampus\.m2\repository\org\springframework\boot\spring-boot-starter-tomcat\2.1.6.RELEASE\spring-boot-starter-tomcat-2.1.6.RELEASE.jar;C:\Users\multicampus\.m2\repository\org\apache\tomcat\embed\tomcat-embed-core\9.0.21\tomcat-embed-core-9.0.21.jar;C:\Users\multicampus\.m2\repository\org\apache\tomcat\embed\tomcat-embed-el\9.0.21\tomcat-embed-el-9.0.21.jar;C:\Users\multicampus\.m2\repository\org\apache\tomcat\embed\tomcat-embed-websocket\9.0.21\tomcat-embed-websocket-9.0.21.jar;C:\Users\multicampus\.m2\repository\org\hibernate\validator\hibernate-validator\6.0.17.Final\hibernate-validator-6.0.17.Final.jar;C:\Users\multicampus\.m2\repository\javax\validation\validation-api\2.0.1.Final\validation-api-2.0.1.Final.jar;C:\Users\multicampus\.m2\repository\org\jboss\logging\jboss-logging\3.3.2.Final\jboss-logging-3.3.2.Final.jar;C:\Users\multicampus\.m2\repository\com\fasterxml\classmate\1.4.0\classmate-1.4.0.jar;C:\Users\multicampus\.m2\repository\org\springframework\spring-web\5.1.8.RELEASE\spring-web-5.1.8.RELEASE.jar;C:\Users\multicampus\.m2\repository\org\springframework\spring-webmvc\5.1.8.RELEASE\spring-webmvc-5.1.8.RELEASE.jar;C:\Users\multicampus\.m2\repository\org\springframework\spring-expression\5.1.8.RELEASE\spring-expression-5.1.8.RELEASE.jar;C:\Users\multicampus\.m2\repository\org\mybatis\spring\boot\mybatis-spring-boot-starter\2.0.1\mybatis-spring-boot-starter-2.0.1.jar;C:\Users\multicampus\.m2\repository\org\mybatis\spring\boot\mybatis-spring-boot-autoconfigure\2.0.1\mybatis-spring-boot-autoconfigure-2.0.1.jar;C:\Users\multicampus\.m2\repository\org\mybatis\mybatis\3.5.1\mybatis-3.5.1.jar;C:\Users\multicampus\.m2\repository\org\mybatis\mybatis-spring\2.0.1\mybatis-spring-2.0.1.jar;C:\Users\multicampus\.m2\repository\org\springframework\boot\spring-boot-starter-thymeleaf\2.1.6.RELEASE\spring-boot-starter-thymeleaf-2.1.6.RELEASE.jar;C:\Users\multicampus\.m2\repository\org\thymeleaf\thymeleaf-spring5\3.0.11.RELEASE\thymeleaf-spring5-3.0.11.RELEASE.jar;C:\Users\multicampus\.m2\repository\org\thymeleaf\thymeleaf\3.0.11.RELEASE\thymeleaf-3.0.11.RELEASE.jar;C:\Users\multicampus\.m2\repository\org\attoparser\attoparser\2.0.5.RELEASE\attoparser-2.0.5.RELEASE.jar;C:\Users\multicampus\.m2\repository\org\unbescape\unbescape\1.1.6.RELEASE\unbescape-1.1.6.RELEASE.jar;C:\Users\multicampus\.m2\repository\org\thymeleaf\extras\thymeleaf-extras-java8time\3.0.4.RELEASE\thymeleaf-extras-java8time-3.0.4.RELEASE.jar;C:\Users\multicampus\.m2\repository\org\springframework\boot\spring-boot-devtools\2.1.6.RELEASE\spring-boot-devtools-2.1.6.RELEASE.jar;C:\Users\multicampus\.m2\repository\org\projectlombok\lombok\1.18.8\lombok-1.18.8.jar;C:\Users\multicampus\.m2\repository\org\springframework\boot\spring-boot-starter-jdbc\2.1.6.RELEASE\spring-boot-starter-jdbc-2.1.6.RELEASE.jar;C:\Users\multicampus\.m2\repository\com\zaxxer\HikariCP\3.2.0\HikariCP-3.2.0.jar;C:\Users\multicampus\.m2\repository\org\springframework\spring-jdbc\5.1.8.RELEASE\spring-jdbc-5.1.8.RELEASE.jar;C:\Users\multicampus\.m2\repository\org\springframework\spring-tx\5.1.8.RELEASE\spring-tx-5.1.8.RELEASE.jar;C:\Users\multicampus\.m2\repository\org\springframework\boot\spring-boot-starter-data-jpa\2.1.6.RELEASE\spring-boot-starter-data-jpa-2.1.6.RELEASE.jar;C:\Users\multicampus\.m2\repository\javax\transaction\javax.transaction-api\1.3\javax.transaction-api-1.3.jar;C:\Users\multicampus\.m2\repository\javax\xml\bind\jaxb-api\2.3.1\jaxb-api-2.3.1.jar;C:\Users\multicampus\.m2\repository\javax\activation\javax.activation-api\1.2.0\javax.activation-api-1.2.0.jar;C:\Users\multicampus\.m2\repository\org\hibernate\hibernate-core\5.3.10.Final\hibernate-core-5.3.10.Final.jar;C:\Users\multicampus\.m2\repository\javax\persistence\javax.persistence-api\2.2\javax.persistence-api-2.2.jar;C:\Users\multicampus\.m2\repository\org\javassist\javassist\3.23.2-GA\javassist-3.23.2-GA.jar;C:\Users\multicampus\.m2\repository\antlr\antlr\2.7.7\antlr-2.7.7.jar;C:\Users\multicampus\.m2\repository\org\jboss\jandex\2.0.5.Final\jandex-2.0.5.Final.jar;C:\Users\multicampus\.m2\repository\org\dom4j\dom4j\2.1.1\dom4j-2.1.1.jar;C:\Users\multicampus\.m2\repository\org\hibernate\common\hibernate-commons-annotations\5.0.4.Final\hibernate-commons-annotations-5.0.4.Final.jar;C:\Users\multicampus\.m2\repository\org\springframework\data\spring-data-jpa\2.1.9.RELEASE\spring-data-jpa-2.1.9.RELEASE.jar;C:\Users\multicampus\.m2\repository\org\springframework\data\spring-data-commons\2.1.9.RELEASE\spring-data-commons-2.1.9.RELEASE.jar;C:\Users\multicampus\.m2\repository\org\springframework\spring-orm\5.1.8.RELEASE\spring-orm-5.1.8.RELEASE.jar;C:\Users\multicampus\.m2\repository\org\springframework\spring-aspects\5.1.8.RELEASE\spring-aspects-5.1.8.RELEASE.jar;C:\Users\multicampus\.m2\repository\mysql\mysql-connector-java\8.0.16\mysql-connector-java-8.0.16.jar;C:\Users\multicampus\.m2\repository\org\springframework\hateoas\spring-hateoas\0.25.1.RELEASE\spring-hateoas-0.25.1.RELEASE.jar;C:\Users\multicampus\.m2\repository\org\springframework\spring-beans\5.1.8.RELEASE\spring-beans-5.1.8.RELEASE.jar;C:\Users\multicampus\.m2\repository\org\springframework\spring-context\5.1.8.RELEASE\spring-context-5.1.8.RELEASE.jar;C:\Users\multicampus\.m2\repository\org\slf4j\slf4j-api\1.7.26\slf4j-api-1.7.26.jar;C:\Users\multicampus\.m2\repository\com\fasterxml\jackson\core\jackson-databind\2.9.9\jackson-databind-2.9.9.jar;C:\Users\multicampus\.m2\repository\com\fasterxml\jackson\core\jackson-annotations\2.9.0\jackson-annotations-2.9.0.jar;C:\Users\multicampus\.m2\repository\com\fasterxml\jackson\core\jackson-core\2.9.9\jackson-core-2.9.9.jar;C:\Users\multicampus\.m2\repository\org\springframework\restdocs\spring-restdocs-mockmvc\2.0.3.RELEASE\spring-restdocs-mockmvc-2.0.3.RELEASE.jar;C:\Users\multicampus\.m2\repository\javax\servlet\javax.servlet-api\4.0.1\javax.servlet-api-4.0.1.jar;C:\Users\multicampus\.m2\repository\org\springframework\restdocs\spring-restdocs-core\2.0.3.RELEASE\spring-restdocs-core-2.0.3.RELEASE.jar;C:\Users\multicampus\.m2\repository\com\h2database\h2\1.4.199\h2-1.4.199.jar;"/>
    <property name="sun.cpu.endian" value="little"/>
    <property name="user.home" value="C:\Users\multicampus"/>
    <property name="user.language" value="ko"/>
    <property name="java.specification.vendor" value="Oracle Corporation"/>
    <property name="java.home" value="C:\Program Files\ojdkbuild\java-1.8.0-openjdk-1.8.0.212-1\jre"/>
    <property name="basedir" value="C:\Users\multicampus\Documents\Workspace_ssafy2\webmobile-final\backend"/>
    <property name="style.color" value="always"/>
    <property name="file.separator" value="\"/>
    <property name="line.separator" value="&#10;"/>
    <property name="java.vm.specification.vendor" value="Oracle Corporation"/>
    <property name="java.specification.name" value="Java Platform API Specification"/>
    <property name="java.awt.graphicsenv" value="sun.awt.Win32GraphicsEnvironment"/>
    <property name="surefire.real.class.path" value="C:\Users\MULTIC~1\AppData\Local\Temp\surefire7798790618330930483\surefirebooter6932847971089635643.jar"/>
    <property name="sun.boot.class.path" value="C:\Program Files\ojdkbuild\java-1.8.0-openjdk-1.8.0.212-1\jre\lib\resources.jar;C:\Program Files\ojdkbuild\java-1.8.0-openjdk-1.8.0.212-1\jre\lib\rt.jar;C:\Program Files\ojdkbuild\java-1.8.0-openjdk-1.8.0.212-1\jre\lib\sunrsasign.jar;C:\Program Files\ojdkbuild\java-1.8.0-openjdk-1.8.0.212-1\jre\lib\jsse.jar;C:\Program Files\ojdkbuild\java-1.8.0-openjdk-1.8.0.212-1\jre\lib\jce.jar;C:\Program Files\ojdkbuild\java-1.8.0-openjdk-1.8.0.212-1\jre\lib\charsets.jar;C:\Program Files\ojdkbuild\java-1.8.0-openjdk-1.8.0.212-1\jre\lib\jfr.jar;C:\Program Files\ojdkbuild\java-1.8.0-openjdk-1.8.0.212-1\jre\classes"/>
    <property name="user.script" value=""/>
    <property name="sun.management.compiler" value="HotSpot 64-Bit Tiered Compilers"/>
    <property name="java.runtime.version" value="1.8.0_212-1-ojdkbuild-b04"/>
    <property name="user.name" value="multicampus"/>
    <property name="path.separator" value=";"/>
    <property name="os.version" value="10.0"/>
    <property name="java.endorsed.dirs" value="C:\Program Files\ojdkbuild\java-1.8.0-openjdk-1.8.0.212-1\jre\lib\endorsed"/>
    <property name="java.runtime.name" value="OpenJDK Runtime Environment"/>
    <property name="file.encoding" value="MS949"/>
    <property name="java.vm.name" value="OpenJDK 64-Bit Server VM"/>
    <property name="localRepository" value="C:\Users\multicampus\.m2\repository"/>
    <property name="java.vendor.url.bug" value="http://bugreport.sun.com/bugreport/"/>
    <property name="java.io.tmpdir" value="C:\Users\MULTIC~1\AppData\Local\Temp\"/>
    <property name="java.version" value="1.8.0_212-1-ojdkbuild"/>
    <property name="user.dir" value="C:\Users\multicampus\Documents\Workspace_ssafy2\webmobile-final\backend"/>
    <property name="os.arch" value="amd64"/>
    <property name="java.vm.specification.name" value="Java Virtual Machine Specification"/>
    <property name="java.awt.printerjob" value="sun.awt.windows.WPrinterJob"/>
    <property name="sun.os.patch.level" value=""/>
    <property name="java.library.path" value="C:\Program Files\ojdkbuild\java-1.8.0-openjdk-1.8.0.212-1\jre\bin;C:\WINDOWS\Sun\Java\bin;C:\WINDOWS\system32;C:\WINDOWS;C:/Program Files/ojdkbuild/java-1.8.0-openjdk-1.8.0.212-1/jre/bin/server;C:/Program Files/ojdkbuild/java-1.8.0-openjdk-1.8.0.212-1/jre/bin;C:/Program Files/ojdkbuild/java-1.8.0-openjdk-1.8.0.212-1/jre/lib/amd64;C:\Program Files (x86)\Common Files\Oracle\Java\javapath;C:\Program Files (x86)\Intel\Intel(R) Management Engine Components\iCLS\;C:\Program Files\Intel\Intel(R) Management Engine Components\iCLS\;C:\Windows\system32;C:\Windows;C:\Windows\System32\Wbem;C:\Windows\System32\WindowsPowerShell\v1.0\;C:\Windows\System32\OpenSSH\;C:\Program Files (x86)\NVIDIA Corporation\PhysX\Common;C:\Program Files\Intel\WiFi\bin\;C:\Program Files\Common Files\Intel\WirelessCommon\;C:\Program Files (x86)\Intel\Intel(R) Management Engine Components\DAL;C:\Program Files\Intel\Intel(R) Management Engine Components\DAL;C:\Program Files (x86)\Intel\Intel(R) Management Engine Components\IPT;C:\Program Files\Intel\Intel(R) Management Engine Components\IPT;C:\Program Files\Java\jdk-12.0.1\bin;C:\Program Files\nodejs\;C:\Program Files\Git\cmd;C:\WINDOWS\system32;C:\WINDOWS;C:\WINDOWS\System32\Wbem;C:\WINDOWS\System32\WindowsPowerShell\v1.0\;C:\WINDOWS\System32\OpenSSH\;C:\Users\multicampus\AppData\Local\Microsoft\WindowsApps;C:\Users\multicampus\AppData\Local\Programs\Microsoft VS Code\bin;C:\Program Files\Bandizip\;C:\Users\multicampus\AppData\Roaming\npm;C:\Users\multicampus\AppData\Local\Microsoft\WindowsApps;C:\Program Files\sts-bundle\sts-3.9.9.RELEASE;;."/>
    <property name="java.vm.info" value="mixed mode"/>
    <property name="java.vendor" value="Oracle Corporation"/>
    <property name="java.vm.version" value="25.212-b04"/>
    <property name="java.ext.dirs" value="C:\Program Files\ojdkbuild\java-1.8.0-openjdk-1.8.0.212-1\jre\lib\ext;C:\WINDOWS\Sun\Java\lib\ext"/>
    <property name="sun.io.unicode.encoding" value="UnicodeLittle"/>
    <property name="java.class.version" value="52.0"/>
  </properties>
  <testcase name="updatePortfolio" classname="com.ssafy.api.PortfolioRestControllerTests" time="0.114">
    <error message="The following parts of the payload were not documented:&#10;{&#10;  &quot;portfolioComments&quot; : [ ]&#10;}" type="org.springframework.restdocs.snippet.SnippetException">org.springframework.restdocs.snippet.SnippetException: 
The following parts of the payload were not documented:
{
  "portfolioComments" : [ ]
}
	at com.ssafy.api.PortfolioRestControllerTests.updatePortfolio(PortfolioRestControllerTests.java:88)
</error>
    <system-out><![CDATA[2019-08-08 09:25:14 INFO Neither @ContextConfiguration nor @ContextHierarchy found for test class [com.ssafy.api.PortfolioRestControllerTests], using SpringBootContextLoader
2019-08-08 09:25:14 INFO Could not detect default resource locations for test class [com.ssafy.api.PortfolioRestControllerTests]: no resource found for suffixes {-context.xml, Context.groovy}.
2019-08-08 09:25:14 INFO Could not detect default configuration classes for test class [com.ssafy.api.PortfolioRestControllerTests]: PortfolioRestControllerTests does not declare any static, non-private, non-final, nested classes annotated with @Configuration.
2019-08-08 09:25:14 INFO Found @SpringBootConfiguration com.ssafy.WebmobileSub2Application for test class com.ssafy.api.PortfolioRestControllerTests
2019-08-08 09:25:14 INFO Loaded default TestExecutionListener class names from location [META-INF/spring.factories]: [org.springframework.boot.test.mock.mockito.MockitoTestExecutionListener, org.springframework.boot.test.mock.mockito.ResetMocksTestExecutionListener, org.springframework.boot.test.autoconfigure.restdocs.RestDocsTestExecutionListener, org.springframework.boot.test.autoconfigure.web.client.MockRestServiceServerResetTestExecutionListener, org.springframework.boot.test.autoconfigure.web.servlet.MockMvcPrintOnlyOnFailureTestExecutionListener, org.springframework.boot.test.autoconfigure.web.servlet.WebDriverTestExecutionListener, org.springframework.test.context.web.ServletTestExecutionListener, org.springframework.test.context.support.DirtiesContextBeforeModesTestExecutionListener, org.springframework.test.context.support.DependencyInjectionTestExecutionListener, org.springframework.test.context.support.DirtiesContextTestExecutionListener, org.springframework.test.context.transaction.TransactionalTestExecutionListener, org.springframework.test.context.jdbc.SqlScriptsTestExecutionListener]
2019-08-08 09:25:14 INFO Using TestExecutionListeners: [org.springframework.test.context.web.ServletTestExecutionListener@522f0bb8, org.springframework.test.context.support.DirtiesContextBeforeModesTestExecutionListener@468f2a6f, org.springframework.boot.test.mock.mockito.MockitoTestExecutionListener@6a3a56de, org.springframework.boot.test.autoconfigure.SpringBootDependencyInjectionTestExecutionListener@2ed84be9, org.springframework.test.context.support.DirtiesContextTestExecutionListener@400e741, org.springframework.test.context.transaction.TransactionalTestExecutionListener@3be369fc, org.springframework.test.context.jdbc.SqlScriptsTestExecutionListener@35744f8, org.springframework.boot.test.mock.mockito.ResetMocksTestExecutionListener@6fbcc078, org.springframework.boot.test.autoconfigure.restdocs.RestDocsTestExecutionListener@6c851821, org.springframework.boot.test.autoconfigure.web.client.MockRestServiceServerResetTestExecutionListener@4c0930c4, org.springframework.boot.test.autoconfigure.web.servlet.MockMvcPrintOnlyOnFailureTestExecutionListener@75c0cd39, org.springframework.boot.test.autoconfigure.web.servlet.WebDriverTestExecutionListener@7cf66cf9]
2019-08-08 09:25:14 INFO [#] [START] - [ACCOUNT : test@email.com | AUTH : 2] / [LOCATION : com.ssafy.api.PortfolioRestController | [METHOD (PUT) : updatePortfolio()]
2019-08-08 09:25:14 INFO [#] [ END ] - [ACCOUNT : test@email.com | AUTH : 2] / [LOCATION : com.ssafy.api.PortfolioRestController | [METHOD (PUT) : updatePortfolio()]

MockHttpServletRequest:
      HTTP Method = PUT
      Request URI = /portfolios/4
       Parameters = {}
          Headers = [Content-Type:"application/json;charset=UTF-8", accountEmail:"test@email.com", accountAuth:"2"]
             Body = {"portfolioId":4,"accountEmail":"test@email.com","accountName":"test name","portfolioTitle":"update title","portfolioContent":"update content","portfolioCreatedAt":"2019-08-08T09:25:14.383","portfolioGiturl":"www.github.com/repository","portfolioViews":0,"portfolioThumbnailUrl":"/image.png"}
    Session Attrs = {}

Handler:
             Type = com.ssafy.api.PortfolioRestController
           Method = public org.springframework.http.ResponseEntity<com.ssafy.vo.resource.PortfolioResource> com.ssafy.api.PortfolioRestController.updatePortfolio(java.lang.String,int,long,com.ssafy.vo.Portfolio) throws java.lang.Exception

Async:
    Async started = false
     Async result = null

Resolved Exception:
             Type = null

ModelAndView:
        View name = null
             View = null
            Model = null

FlashMap:
       Attributes = null

MockHttpServletResponse:
           Status = 200
    Error message = null
          Headers = [Content-Type:"application/hal+json;charset=UTF-8"]
     Content type = application/hal+json;charset=UTF-8
             Body = {"portfolioId":4,"accountEmail":"test@email.com","accountName":"test name","portfolioTitle":"update title","portfolioContent":"update content","portfolioCreatedAt":"2019-08-08T09:25:14.47","portfolioGiturl":"www.github.com/repository","portfolioViews":0,"portfolioThumbnailUrl":"/image.png","portfolioComments":[],"links":[{"rel":"self","href":"http://localhost:8080/portfolios/4"},{"rel":"delete","href":"http://localhost:8080/portfolios/4"}]}
    Forwarded URL = null
   Redirected URL = null
          Cookies = []

MockHttpServletRequest:
      HTTP Method = DELETE
      Request URI = /portfolios/1/comments/1
       Parameters = {}
          Headers = [accountEmail:"test@email.com", accountAuth:"2"]
             Body = null
    Session Attrs = {}

Handler:
             Type = com.ssafy.api.PortfolioCommentRestController
           Method = public org.springframework.http.ResponseEntity<?> com.ssafy.api.PortfolioCommentRestController.deletePortfolioCommentByPortfolioCommentId(java.lang.String,int,long) throws java.lang.Exception

Async:
    Async started = false
     Async result = null

Resolved Exception:
             Type = java.lang.NullPointerException

ModelAndView:
        View name = null
             View = null
            Model = null

FlashMap:
       Attributes = null

MockHttpServletResponse:
           Status = 400
    Error message = null
          Headers = []
     Content type = null
             Body = 
    Forwarded URL = null
   Redirected URL = null
          Cookies = []

MockHttpServletRequest:
      HTTP Method = PUT
      Request URI = /portfolios/2/comments/2
       Parameters = {}
          Headers = [Content-Type:"application/json;charset=UTF-8", accountEmail:"test@email.com", accountAuth:"2"]
             Body = {"portfolioCommentId":2,"accountEmail":"test@email.com","accountName":"test name","portfolioCommentContent":"내용 수정","portfolioCommentCreatedAt":"2019-08-08T09:25:14.13"}
    Session Attrs = {}

Handler:
             Type = com.ssafy.api.PortfolioCommentRestController
           Method = public org.springframework.http.ResponseEntity<com.ssafy.vo.resource.PortfolioCommentResource> com.ssafy.api.PortfolioCommentRestController.updatePortfolioComment(java.lang.String,int,long,com.ssafy.vo.PortfolioComment) throws java.lang.Exception

Async:
    Async started = false
     Async result = null

Resolved Exception:
             Type = null

ModelAndView:
        View name = null
             View = null
            Model = null

FlashMap:
       Attributes = null

MockHttpServletResponse:
           Status = 200
    Error message = null
          Headers = [Content-Type:"application/hal+json;charset=UTF-8"]
     Content type = application/hal+json;charset=UTF-8
             Body = {"portfolioCommentId":2,"accountEmail":"test@email.com","accountName":"test name","portfolioCommentContent":"내용 수정","portfolioCommentCreatedAt":"2019-08-08T09:25:14.13","links":[{"rel":"self","href":"http://localhost:8080/portfolios/2"},{"rel":"delete","href":"http://localhost:8080/portfolios/2"}]}
    Forwarded URL = null
   Redirected URL = null
          Cookies = []

MockHttpServletRequest:
      HTTP Method = POST
      Request URI = /portfolios/3/comments
       Parameters = {}
          Headers = [Content-Type:"application/json;charset=UTF-8", accountEmail:"test@email.com", accountAuth:"2"]
             Body = {"portfolioCommentId":0,"accountEmail":"test@email.com","accountName":"test name","portfolioCommentContent":"댓글 내용"}
    Session Attrs = {}

Handler:
             Type = com.ssafy.api.PortfolioCommentRestController
           Method = public org.springframework.http.ResponseEntity<com.ssafy.vo.resource.PortfolioCommentResource> com.ssafy.api.PortfolioCommentRestController.createPortfolioComment(java.lang.String,int,long,com.ssafy.vo.PortfolioComment) throws java.lang.Exception

Async:
    Async started = false
     Async result = null

Resolved Exception:
             Type = null

ModelAndView:
        View name = null
             View = null
            Model = null

FlashMap:
       Attributes = null

MockHttpServletResponse:
           Status = 201
    Error message = null
          Headers = [Location:"http://localhost:8080/portfolios/3", Content-Type:"application/hal+json;charset=UTF-8"]
     Content type = application/hal+json;charset=UTF-8
             Body = {"portfolioCommentId":3,"accountEmail":"test@email.com","accountName":"test name","portfolioCommentContent":"댓글 내용","portfolioCommentCreatedAt":"2019-08-08T09:25:14.346","links":[{"rel":"self","href":"http://localhost:8080/portfolios/3"},{"rel":"update","href":"http://localhost:8080/portfolios/3"},{"rel":"delete","href":"http://localhost:8080/portfolios/3"}]}
    Forwarded URL = null
   Redirected URL = http://localhost:8080/portfolios/3
          Cookies = []

MockHttpServletRequest:
      HTTP Method = PUT
      Request URI = /portfolios/4
       Parameters = {}
          Headers = [Content-Type:"application/json;charset=UTF-8", accountEmail:"test@email.com", accountAuth:"2"]
             Body = {"portfolioId":4,"accountEmail":"test@email.com","accountName":"test name","portfolioTitle":"update title","portfolioContent":"update content","portfolioCreatedAt":"2019-08-08T09:25:14.383","portfolioGiturl":"www.github.com/repository","portfolioViews":0,"portfolioThumbnailUrl":"/image.png"}
    Session Attrs = {}

Handler:
             Type = com.ssafy.api.PortfolioRestController
           Method = public org.springframework.http.ResponseEntity<com.ssafy.vo.resource.PortfolioResource> com.ssafy.api.PortfolioRestController.updatePortfolio(java.lang.String,int,long,com.ssafy.vo.Portfolio) throws java.lang.Exception

Async:
    Async started = false
     Async result = null

Resolved Exception:
             Type = null

ModelAndView:
        View name = null
             View = null
            Model = null

FlashMap:
       Attributes = null

MockHttpServletResponse:
           Status = 200
    Error message = null
          Headers = [Content-Type:"application/hal+json;charset=UTF-8"]
     Content type = application/hal+json;charset=UTF-8
             Body = {"portfolioId":4,"accountEmail":"test@email.com","accountName":"test name","portfolioTitle":"update title","portfolioContent":"update content","portfolioCreatedAt":"2019-08-08T09:25:14.47","portfolioGiturl":"www.github.com/repository","portfolioViews":0,"portfolioThumbnailUrl":"/image.png","portfolioComments":[],"links":[{"rel":"self","href":"http://localhost:8080/portfolios/4"},{"rel":"delete","href":"http://localhost:8080/portfolios/4"}]}
    Forwarded URL = null
   Redirected URL = null
          Cookies = []
]]></system-out>
  </testcase>
  <testcase name="findAllPortfolios" classname="com.ssafy.api.PortfolioRestControllerTests" time="0.174">
    <error message="The following parts of the payload were not documented:&#10;{&#10;  &quot;content&quot; : [ {&#10;    &quot;portfolioComments&quot; : [ {&#10;      &quot;portfolioCommentId&quot; : 3,&#10;      &quot;accountEmail&quot; : &quot;test@email.com&quot;,&#10;      &quot;accountName&quot; : &quot;test name&quot;,&#10;      &quot;portfolioCommentContent&quot; : &quot;댓글 내용&quot;,&#10;      &quot;portfolioCommentCreatedAt&quot; : &quot;2019-08-08T09:25:14.346&quot;&#10;    } ]&#10;  }, {&#10;    &quot;portfolioComments&quot; : [ {&#10;      &quot;portfolioCommentId&quot; : 2,&#10;      &quot;accountEmail&quot; : &quot;test@email.com&quot;,&#10;      &quot;accountName&quot; : &quot;test name&quot;,&#10;      &quot;portfolioCommentContent&quot; : &quot;내용 수정&quot;,&#10;      &quot;portfolioCommentCreatedAt&quot; : &quot;2019-08-08T09:25:14.13&quot;&#10;    } ]&#10;  } ]&#10;}&#10;Fields with the following paths were not found in the payload: [content[0].portfolioImages]" type="org.springframework.restdocs.snippet.SnippetException">org.springframework.restdocs.snippet.SnippetException: 
The following parts of the payload were not documented:
{
  "content" : [ {
    "portfolioComments" : [ {
      "portfolioCommentId" : 3,
      "accountEmail" : "test@email.com",
      "accountName" : "test name",
      "portfolioCommentContent" : "댓글 내용",
      "portfolioCommentCreatedAt" : "2019-08-08T09:25:14.346"
    } ]
  }, {
    "portfolioComments" : [ {
      "portfolioCommentId" : 2,
      "accountEmail" : "test@email.com",
      "accountName" : "test name",
      "portfolioCommentContent" : "내용 수정",
      "portfolioCommentCreatedAt" : "2019-08-08T09:25:14.13"
    } ]
  } ]
}
Fields with the following paths were not found in the payload: [content[0].portfolioImages]
	at com.ssafy.api.PortfolioRestControllerTests.findAllPortfolios(PortfolioRestControllerTests.java:131)
</error>
    <system-out><![CDATA[2019-08-08 09:25:14 INFO [#] [START] - [ACCOUNT : ********* ANONYMOUS ********] / [LOCATION : com.ssafy.api.PortfolioRestController | [METHOD (GET) : findAllPortfolios()]
2019-08-08 09:25:14 INFO HHH000397: Using ASTQueryTranslatorFactory
2019-08-08 09:25:14 INFO [#] [ END ] - [ACCOUNT : ********* ANONYMOUS ********] / [LOCATION : com.ssafy.api.PortfolioRestController | [METHOD (GET) : findAllPortfolios()]

MockHttpServletRequest:
      HTTP Method = GET
      Request URI = /portfolios/pages/1
       Parameters = {}
          Headers = []
             Body = null
    Session Attrs = {}

Handler:
             Type = com.ssafy.api.PortfolioRestController
           Method = public org.springframework.http.ResponseEntity<org.springframework.hateoas.PagedResources<com.ssafy.vo.resource.PortfolioResource>> com.ssafy.api.PortfolioRestController.findAllPortfolios(int,org.springframework.data.web.PagedResourcesAssembler<com.ssafy.vo.Portfolio>)

Async:
    Async started = false
     Async result = null

Resolved Exception:
             Type = null

ModelAndView:
        View name = null
             View = null
            Model = null

FlashMap:
       Attributes = null

MockHttpServletResponse:
           Status = 200
    Error message = null
          Headers = [Content-Type:"application/hal+json;charset=UTF-8"]
     Content type = application/hal+json;charset=UTF-8
             Body = {"links":[{"rel":"self","href":"http://localhost:8080/portfolios/pages/1?page=0&size=6&sort=portfolioCreatedAt,desc"}],"content":[{"portfolioId":5,"accountEmail":"test@email.com","accountName":"test name","portfolioTitle":"포트폴리오 제목","portfolioContent":"포트폴리오 내용","portfolioCreatedAt":"2019-08-08T09:25:14.513","portfolioGiturl":"www.github.com/repository","portfolioViews":0,"portfolioThumbnailUrl":"/image.png","portfolioComments":[],"links":[{"rel":"self","href":"http://localhost:8080/portfolios/5"}]},{"portfolioId":4,"accountEmail":"test@email.com","accountName":"test name","portfolioTitle":"update title","portfolioContent":"update content","portfolioCreatedAt":"2019-08-08T09:25:14.47","portfolioGiturl":"www.github.com/repository","portfolioViews":0,"portfolioThumbnailUrl":"/image.png","portfolioComments":[],"links":[{"rel":"self","href":"http://localhost:8080/portfolios/4"}]},{"portfolioId":3,"accountEmail":"test@email.com","accountName":"test name","portfolioTitle":"포트폴리오 제목","portfolioContent":"포트폴리오 내용","portfolioCreatedAt":"2019-08-08T09:25:14.342","portfolioGiturl":"www.github.com/repository","portfolioViews":0,"portfolioThumbnailUrl":"/image.png","portfolioComments":[{"portfolioCommentId":3,"accountEmail":"test@email.com","accountName":"test name","portfolioCommentContent":"댓글 내용","portfolioCommentCreatedAt":"2019-08-08T09:25:14.346"}],"links":[{"rel":"self","href":"http://localhost:8080/portfolios/3"}]},{"portfolioId":2,"accountEmail":"test@email.com","accountName":"test name","portfolioTitle":"포트폴리오 제목","portfolioContent":"포트폴리오 내용","portfolioCreatedAt":"2019-08-08T09:25:14.128","portfolioGiturl":"www.github.com/repository","portfolioViews":0,"portfolioThumbnailUrl":"/image.png","portfolioComments":[{"portfolioCommentId":2,"accountEmail":"test@email.com","accountName":"test name","portfolioCommentContent":"내용 수정","portfolioCommentCreatedAt":"2019-08-08T09:25:14.13"}],"links":[{"rel":"self","href":"http://localhost:8080/portfolios/2"}]},{"portfolioId":1,"accountEmail":"test@email.com","accountName":"test name","portfolioTitle":"포트폴리오 제목","portfolioContent":"포트폴리오 내용","portfolioCreatedAt":"2019-08-08T09:25:14.011","portfolioGiturl":"www.github.com/repository","portfolioViews":0,"portfolioThumbnailUrl":"/image.png","portfolioComments":[],"links":[{"rel":"self","href":"http://localhost:8080/portfolios/1"}]}],"page":{"size":6,"totalElements":5,"totalPages":1,"number":0}}
    Forwarded URL = null
   Redirected URL = null
          Cookies = []

MockHttpServletRequest:
      HTTP Method = DELETE
      Request URI = /portfolios/1/comments/1
       Parameters = {}
          Headers = [accountEmail:"test@email.com", accountAuth:"2"]
             Body = null
    Session Attrs = {}

Handler:
             Type = com.ssafy.api.PortfolioCommentRestController
           Method = public org.springframework.http.ResponseEntity<?> com.ssafy.api.PortfolioCommentRestController.deletePortfolioCommentByPortfolioCommentId(java.lang.String,int,long) throws java.lang.Exception

Async:
    Async started = false
     Async result = null

Resolved Exception:
             Type = java.lang.NullPointerException

ModelAndView:
        View name = null
             View = null
            Model = null

FlashMap:
       Attributes = null

MockHttpServletResponse:
           Status = 400
    Error message = null
          Headers = []
     Content type = null
             Body = 
    Forwarded URL = null
   Redirected URL = null
          Cookies = []

MockHttpServletRequest:
      HTTP Method = PUT
      Request URI = /portfolios/2/comments/2
       Parameters = {}
          Headers = [Content-Type:"application/json;charset=UTF-8", accountEmail:"test@email.com", accountAuth:"2"]
             Body = {"portfolioCommentId":2,"accountEmail":"test@email.com","accountName":"test name","portfolioCommentContent":"내용 수정","portfolioCommentCreatedAt":"2019-08-08T09:25:14.13"}
    Session Attrs = {}

Handler:
             Type = com.ssafy.api.PortfolioCommentRestController
           Method = public org.springframework.http.ResponseEntity<com.ssafy.vo.resource.PortfolioCommentResource> com.ssafy.api.PortfolioCommentRestController.updatePortfolioComment(java.lang.String,int,long,com.ssafy.vo.PortfolioComment) throws java.lang.Exception

Async:
    Async started = false
     Async result = null

Resolved Exception:
             Type = null

ModelAndView:
        View name = null
             View = null
            Model = null

FlashMap:
       Attributes = null

MockHttpServletResponse:
           Status = 200
    Error message = null
          Headers = [Content-Type:"application/hal+json;charset=UTF-8"]
     Content type = application/hal+json;charset=UTF-8
             Body = {"portfolioCommentId":2,"accountEmail":"test@email.com","accountName":"test name","portfolioCommentContent":"내용 수정","portfolioCommentCreatedAt":"2019-08-08T09:25:14.13","links":[{"rel":"self","href":"http://localhost:8080/portfolios/2"},{"rel":"delete","href":"http://localhost:8080/portfolios/2"}]}
    Forwarded URL = null
   Redirected URL = null
          Cookies = []

MockHttpServletRequest:
      HTTP Method = POST
      Request URI = /portfolios/3/comments
       Parameters = {}
          Headers = [Content-Type:"application/json;charset=UTF-8", accountEmail:"test@email.com", accountAuth:"2"]
             Body = {"portfolioCommentId":0,"accountEmail":"test@email.com","accountName":"test name","portfolioCommentContent":"댓글 내용"}
    Session Attrs = {}

Handler:
             Type = com.ssafy.api.PortfolioCommentRestController
           Method = public org.springframework.http.ResponseEntity<com.ssafy.vo.resource.PortfolioCommentResource> com.ssafy.api.PortfolioCommentRestController.createPortfolioComment(java.lang.String,int,long,com.ssafy.vo.PortfolioComment) throws java.lang.Exception

Async:
    Async started = false
     Async result = null

Resolved Exception:
             Type = null

ModelAndView:
        View name = null
             View = null
            Model = null

FlashMap:
       Attributes = null

MockHttpServletResponse:
           Status = 201
    Error message = null
          Headers = [Location:"http://localhost:8080/portfolios/3", Content-Type:"application/hal+json;charset=UTF-8"]
     Content type = application/hal+json;charset=UTF-8
             Body = {"portfolioCommentId":3,"accountEmail":"test@email.com","accountName":"test name","portfolioCommentContent":"댓글 내용","portfolioCommentCreatedAt":"2019-08-08T09:25:14.346","links":[{"rel":"self","href":"http://localhost:8080/portfolios/3"},{"rel":"update","href":"http://localhost:8080/portfolios/3"},{"rel":"delete","href":"http://localhost:8080/portfolios/3"}]}
    Forwarded URL = null
   Redirected URL = http://localhost:8080/portfolios/3
          Cookies = []

MockHttpServletRequest:
      HTTP Method = PUT
      Request URI = /portfolios/4
       Parameters = {}
          Headers = [Content-Type:"application/json;charset=UTF-8", accountEmail:"test@email.com", accountAuth:"2"]
             Body = {"portfolioId":4,"accountEmail":"test@email.com","accountName":"test name","portfolioTitle":"update title","portfolioContent":"update content","portfolioCreatedAt":"2019-08-08T09:25:14.383","portfolioGiturl":"www.github.com/repository","portfolioViews":0,"portfolioThumbnailUrl":"/image.png"}
    Session Attrs = {}

Handler:
             Type = com.ssafy.api.PortfolioRestController
           Method = public org.springframework.http.ResponseEntity<com.ssafy.vo.resource.PortfolioResource> com.ssafy.api.PortfolioRestController.updatePortfolio(java.lang.String,int,long,com.ssafy.vo.Portfolio) throws java.lang.Exception

Async:
    Async started = false
     Async result = null

Resolved Exception:
             Type = null

ModelAndView:
        View name = null
             View = null
            Model = null

FlashMap:
       Attributes = null

MockHttpServletResponse:
           Status = 200
    Error message = null
          Headers = [Content-Type:"application/hal+json;charset=UTF-8"]
     Content type = application/hal+json;charset=UTF-8
             Body = {"portfolioId":4,"accountEmail":"test@email.com","accountName":"test name","portfolioTitle":"update title","portfolioContent":"update content","portfolioCreatedAt":"2019-08-08T09:25:14.47","portfolioGiturl":"www.github.com/repository","portfolioViews":0,"portfolioThumbnailUrl":"/image.png","portfolioComments":[],"links":[{"rel":"self","href":"http://localhost:8080/portfolios/4"},{"rel":"delete","href":"http://localhost:8080/portfolios/4"}]}
    Forwarded URL = null
   Redirected URL = null
          Cookies = []

MockHttpServletRequest:
      HTTP Method = GET
      Request URI = /portfolios/pages/1
       Parameters = {}
          Headers = []
             Body = null
    Session Attrs = {}

Handler:
             Type = com.ssafy.api.PortfolioRestController
           Method = public org.springframework.http.ResponseEntity<org.springframework.hateoas.PagedResources<com.ssafy.vo.resource.PortfolioResource>> com.ssafy.api.PortfolioRestController.findAllPortfolios(int,org.springframework.data.web.PagedResourcesAssembler<com.ssafy.vo.Portfolio>)

Async:
    Async started = false
     Async result = null

Resolved Exception:
             Type = null

ModelAndView:
        View name = null
             View = null
            Model = null

FlashMap:
       Attributes = null

MockHttpServletResponse:
           Status = 200
    Error message = null
          Headers = [Content-Type:"application/hal+json;charset=UTF-8"]
     Content type = application/hal+json;charset=UTF-8
             Body = {"links":[{"rel":"self","href":"http://localhost:8080/portfolios/pages/1?page=0&size=6&sort=portfolioCreatedAt,desc"}],"content":[{"portfolioId":5,"accountEmail":"test@email.com","accountName":"test name","portfolioTitle":"포트폴리오 제목","portfolioContent":"포트폴리오 내용","portfolioCreatedAt":"2019-08-08T09:25:14.513","portfolioGiturl":"www.github.com/repository","portfolioViews":0,"portfolioThumbnailUrl":"/image.png","portfolioComments":[],"links":[{"rel":"self","href":"http://localhost:8080/portfolios/5"}]},{"portfolioId":4,"accountEmail":"test@email.com","accountName":"test name","portfolioTitle":"update title","portfolioContent":"update content","portfolioCreatedAt":"2019-08-08T09:25:14.47","portfolioGiturl":"www.github.com/repository","portfolioViews":0,"portfolioThumbnailUrl":"/image.png","portfolioComments":[],"links":[{"rel":"self","href":"http://localhost:8080/portfolios/4"}]},{"portfolioId":3,"accountEmail":"test@email.com","accountName":"test name","portfolioTitle":"포트폴리오 제목","portfolioContent":"포트폴리오 내용","portfolioCreatedAt":"2019-08-08T09:25:14.342","portfolioGiturl":"www.github.com/repository","portfolioViews":0,"portfolioThumbnailUrl":"/image.png","portfolioComments":[{"portfolioCommentId":3,"accountEmail":"test@email.com","accountName":"test name","portfolioCommentContent":"댓글 내용","portfolioCommentCreatedAt":"2019-08-08T09:25:14.346"}],"links":[{"rel":"self","href":"http://localhost:8080/portfolios/3"}]},{"portfolioId":2,"accountEmail":"test@email.com","accountName":"test name","portfolioTitle":"포트폴리오 제목","portfolioContent":"포트폴리오 내용","portfolioCreatedAt":"2019-08-08T09:25:14.128","portfolioGiturl":"www.github.com/repository","portfolioViews":0,"portfolioThumbnailUrl":"/image.png","portfolioComments":[{"portfolioCommentId":2,"accountEmail":"test@email.com","accountName":"test name","portfolioCommentContent":"내용 수정","portfolioCommentCreatedAt":"2019-08-08T09:25:14.13"}],"links":[{"rel":"self","href":"http://localhost:8080/portfolios/2"}]},{"portfolioId":1,"accountEmail":"test@email.com","accountName":"test name","portfolioTitle":"포트폴리오 제목","portfolioContent":"포트폴리오 내용","portfolioCreatedAt":"2019-08-08T09:25:14.011","portfolioGiturl":"www.github.com/repository","portfolioViews":0,"portfolioThumbnailUrl":"/image.png","portfolioComments":[],"links":[{"rel":"self","href":"http://localhost:8080/portfolios/1"}]}],"page":{"size":6,"totalElements":5,"totalPages":1,"number":0}}
    Forwarded URL = null
   Redirected URL = null
          Cookies = []
]]></system-out>
  </testcase>
  <testcase name="findPortfolioByPortfolioId" classname="com.ssafy.api.PortfolioRestControllerTests" time="0.027">
    <error message="Fields with the following paths were not found in the payload: [portfolioImages]" type="org.springframework.restdocs.snippet.SnippetException">org.springframework.restdocs.snippet.SnippetException: Fields with the following paths were not found in the payload: [portfolioImages]
	at com.ssafy.api.PortfolioRestControllerTests.findPortfolioByPortfolioId(PortfolioRestControllerTests.java:171)
</error>
    <system-out><![CDATA[2019-08-08 09:25:14 INFO [#] [START] - [ACCOUNT : ********* ANONYMOUS ********] / [LOCATION : com.ssafy.api.PortfolioRestController | [METHOD (GET) : findPortfolioByPortfolioId()]
2019-08-08 09:25:14 INFO [#] [ END ] - [ACCOUNT : ********* ANONYMOUS ********] / [LOCATION : com.ssafy.api.PortfolioRestController | [METHOD (GET) : findPortfolioByPortfolioId()]

MockHttpServletRequest:
      HTTP Method = GET
      Request URI = /portfolios/6
       Parameters = {}
          Headers = []
             Body = null
    Session Attrs = {}

Handler:
             Type = com.ssafy.api.PortfolioRestController
           Method = public org.springframework.http.ResponseEntity<com.ssafy.vo.resource.PortfolioResource> com.ssafy.api.PortfolioRestController.findPortfolioByPortfolioId(long) throws java.lang.Exception

Async:
    Async started = false
     Async result = null

Resolved Exception:
             Type = null

ModelAndView:
        View name = null
             View = null
            Model = null

FlashMap:
       Attributes = null

MockHttpServletResponse:
           Status = 200
    Error message = null
          Headers = [Content-Type:"application/hal+json;charset=UTF-8"]
     Content type = application/hal+json;charset=UTF-8
             Body = {"portfolioId":6,"accountEmail":"test@email.com","accountName":"test name","portfolioTitle":"포트폴리오 제목","portfolioContent":"포트폴리오 내용","portfolioCreatedAt":"2019-08-08T09:25:14.689","portfolioGiturl":"www.github.com/repository","portfolioViews":1,"portfolioThumbnailUrl":"/image.png","portfolioComments":[],"links":[{"rel":"self","href":"http://localhost:8080/portfolios/6"}]}
    Forwarded URL = null
   Redirected URL = null
          Cookies = []

MockHttpServletRequest:
      HTTP Method = DELETE
      Request URI = /portfolios/1/comments/1
       Parameters = {}
          Headers = [accountEmail:"test@email.com", accountAuth:"2"]
             Body = null
    Session Attrs = {}

Handler:
             Type = com.ssafy.api.PortfolioCommentRestController
           Method = public org.springframework.http.ResponseEntity<?> com.ssafy.api.PortfolioCommentRestController.deletePortfolioCommentByPortfolioCommentId(java.lang.String,int,long) throws java.lang.Exception

Async:
    Async started = false
     Async result = null

Resolved Exception:
             Type = java.lang.NullPointerException

ModelAndView:
        View name = null
             View = null
            Model = null

FlashMap:
       Attributes = null

MockHttpServletResponse:
           Status = 400
    Error message = null
          Headers = []
     Content type = null
             Body = 
    Forwarded URL = null
   Redirected URL = null
          Cookies = []

MockHttpServletRequest:
      HTTP Method = PUT
      Request URI = /portfolios/2/comments/2
       Parameters = {}
          Headers = [Content-Type:"application/json;charset=UTF-8", accountEmail:"test@email.com", accountAuth:"2"]
             Body = {"portfolioCommentId":2,"accountEmail":"test@email.com","accountName":"test name","portfolioCommentContent":"내용 수정","portfolioCommentCreatedAt":"2019-08-08T09:25:14.13"}
    Session Attrs = {}

Handler:
             Type = com.ssafy.api.PortfolioCommentRestController
           Method = public org.springframework.http.ResponseEntity<com.ssafy.vo.resource.PortfolioCommentResource> com.ssafy.api.PortfolioCommentRestController.updatePortfolioComment(java.lang.String,int,long,com.ssafy.vo.PortfolioComment) throws java.lang.Exception

Async:
    Async started = false
     Async result = null

Resolved Exception:
             Type = null

ModelAndView:
        View name = null
             View = null
            Model = null

FlashMap:
       Attributes = null

MockHttpServletResponse:
           Status = 200
    Error message = null
          Headers = [Content-Type:"application/hal+json;charset=UTF-8"]
     Content type = application/hal+json;charset=UTF-8
             Body = {"portfolioCommentId":2,"accountEmail":"test@email.com","accountName":"test name","portfolioCommentContent":"내용 수정","portfolioCommentCreatedAt":"2019-08-08T09:25:14.13","links":[{"rel":"self","href":"http://localhost:8080/portfolios/2"},{"rel":"delete","href":"http://localhost:8080/portfolios/2"}]}
    Forwarded URL = null
   Redirected URL = null
          Cookies = []

MockHttpServletRequest:
      HTTP Method = POST
      Request URI = /portfolios/3/comments
       Parameters = {}
          Headers = [Content-Type:"application/json;charset=UTF-8", accountEmail:"test@email.com", accountAuth:"2"]
             Body = {"portfolioCommentId":0,"accountEmail":"test@email.com","accountName":"test name","portfolioCommentContent":"댓글 내용"}
    Session Attrs = {}

Handler:
             Type = com.ssafy.api.PortfolioCommentRestController
           Method = public org.springframework.http.ResponseEntity<com.ssafy.vo.resource.PortfolioCommentResource> com.ssafy.api.PortfolioCommentRestController.createPortfolioComment(java.lang.String,int,long,com.ssafy.vo.PortfolioComment) throws java.lang.Exception

Async:
    Async started = false
     Async result = null

Resolved Exception:
             Type = null

ModelAndView:
        View name = null
             View = null
            Model = null

FlashMap:
       Attributes = null

MockHttpServletResponse:
           Status = 201
    Error message = null
          Headers = [Location:"http://localhost:8080/portfolios/3", Content-Type:"application/hal+json;charset=UTF-8"]
     Content type = application/hal+json;charset=UTF-8
             Body = {"portfolioCommentId":3,"accountEmail":"test@email.com","accountName":"test name","portfolioCommentContent":"댓글 내용","portfolioCommentCreatedAt":"2019-08-08T09:25:14.346","links":[{"rel":"self","href":"http://localhost:8080/portfolios/3"},{"rel":"update","href":"http://localhost:8080/portfolios/3"},{"rel":"delete","href":"http://localhost:8080/portfolios/3"}]}
    Forwarded URL = null
   Redirected URL = http://localhost:8080/portfolios/3
          Cookies = []

MockHttpServletRequest:
      HTTP Method = PUT
      Request URI = /portfolios/4
       Parameters = {}
          Headers = [Content-Type:"application/json;charset=UTF-8", accountEmail:"test@email.com", accountAuth:"2"]
             Body = {"portfolioId":4,"accountEmail":"test@email.com","accountName":"test name","portfolioTitle":"update title","portfolioContent":"update content","portfolioCreatedAt":"2019-08-08T09:25:14.383","portfolioGiturl":"www.github.com/repository","portfolioViews":0,"portfolioThumbnailUrl":"/image.png"}
    Session Attrs = {}

Handler:
             Type = com.ssafy.api.PortfolioRestController
           Method = public org.springframework.http.ResponseEntity<com.ssafy.vo.resource.PortfolioResource> com.ssafy.api.PortfolioRestController.updatePortfolio(java.lang.String,int,long,com.ssafy.vo.Portfolio) throws java.lang.Exception

Async:
    Async started = false
     Async result = null

Resolved Exception:
             Type = null

ModelAndView:
        View name = null
             View = null
            Model = null

FlashMap:
       Attributes = null

MockHttpServletResponse:
           Status = 200
    Error message = null
          Headers = [Content-Type:"application/hal+json;charset=UTF-8"]
     Content type = application/hal+json;charset=UTF-8
             Body = {"portfolioId":4,"accountEmail":"test@email.com","accountName":"test name","portfolioTitle":"update title","portfolioContent":"update content","portfolioCreatedAt":"2019-08-08T09:25:14.47","portfolioGiturl":"www.github.com/repository","portfolioViews":0,"portfolioThumbnailUrl":"/image.png","portfolioComments":[],"links":[{"rel":"self","href":"http://localhost:8080/portfolios/4"},{"rel":"delete","href":"http://localhost:8080/portfolios/4"}]}
    Forwarded URL = null
   Redirected URL = null
          Cookies = []

MockHttpServletRequest:
      HTTP Method = GET
      Request URI = /portfolios/pages/1
       Parameters = {}
          Headers = []
             Body = null
    Session Attrs = {}

Handler:
             Type = com.ssafy.api.PortfolioRestController
           Method = public org.springframework.http.ResponseEntity<org.springframework.hateoas.PagedResources<com.ssafy.vo.resource.PortfolioResource>> com.ssafy.api.PortfolioRestController.findAllPortfolios(int,org.springframework.data.web.PagedResourcesAssembler<com.ssafy.vo.Portfolio>)

Async:
    Async started = false
     Async result = null

Resolved Exception:
             Type = null

ModelAndView:
        View name = null
             View = null
            Model = null

FlashMap:
       Attributes = null

MockHttpServletResponse:
           Status = 200
    Error message = null
          Headers = [Content-Type:"application/hal+json;charset=UTF-8"]
     Content type = application/hal+json;charset=UTF-8
             Body = {"links":[{"rel":"self","href":"http://localhost:8080/portfolios/pages/1?page=0&size=6&sort=portfolioCreatedAt,desc"}],"content":[{"portfolioId":5,"accountEmail":"test@email.com","accountName":"test name","portfolioTitle":"포트폴리오 제목","portfolioContent":"포트폴리오 내용","portfolioCreatedAt":"2019-08-08T09:25:14.513","portfolioGiturl":"www.github.com/repository","portfolioViews":0,"portfolioThumbnailUrl":"/image.png","portfolioComments":[],"links":[{"rel":"self","href":"http://localhost:8080/portfolios/5"}]},{"portfolioId":4,"accountEmail":"test@email.com","accountName":"test name","portfolioTitle":"update title","portfolioContent":"update content","portfolioCreatedAt":"2019-08-08T09:25:14.47","portfolioGiturl":"www.github.com/repository","portfolioViews":0,"portfolioThumbnailUrl":"/image.png","portfolioComments":[],"links":[{"rel":"self","href":"http://localhost:8080/portfolios/4"}]},{"portfolioId":3,"accountEmail":"test@email.com","accountName":"test name","portfolioTitle":"포트폴리오 제목","portfolioContent":"포트폴리오 내용","portfolioCreatedAt":"2019-08-08T09:25:14.342","portfolioGiturl":"www.github.com/repository","portfolioViews":0,"portfolioThumbnailUrl":"/image.png","portfolioComments":[{"portfolioCommentId":3,"accountEmail":"test@email.com","accountName":"test name","portfolioCommentContent":"댓글 내용","portfolioCommentCreatedAt":"2019-08-08T09:25:14.346"}],"links":[{"rel":"self","href":"http://localhost:8080/portfolios/3"}]},{"portfolioId":2,"accountEmail":"test@email.com","accountName":"test name","portfolioTitle":"포트폴리오 제목","portfolioContent":"포트폴리오 내용","portfolioCreatedAt":"2019-08-08T09:25:14.128","portfolioGiturl":"www.github.com/repository","portfolioViews":0,"portfolioThumbnailUrl":"/image.png","portfolioComments":[{"portfolioCommentId":2,"accountEmail":"test@email.com","accountName":"test name","portfolioCommentContent":"내용 수정","portfolioCommentCreatedAt":"2019-08-08T09:25:14.13"}],"links":[{"rel":"self","href":"http://localhost:8080/portfolios/2"}]},{"portfolioId":1,"accountEmail":"test@email.com","accountName":"test name","portfolioTitle":"포트폴리오 제목","portfolioContent":"포트폴리오 내용","portfolioCreatedAt":"2019-08-08T09:25:14.011","portfolioGiturl":"www.github.com/repository","portfolioViews":0,"portfolioThumbnailUrl":"/image.png","portfolioComments":[],"links":[{"rel":"self","href":"http://localhost:8080/portfolios/1"}]}],"page":{"size":6,"totalElements":5,"totalPages":1,"number":0}}
    Forwarded URL = null
   Redirected URL = null
          Cookies = []

MockHttpServletRequest:
      HTTP Method = GET
      Request URI = /portfolios/6
       Parameters = {}
          Headers = []
             Body = null
    Session Attrs = {}

Handler:
             Type = com.ssafy.api.PortfolioRestController
           Method = public org.springframework.http.ResponseEntity<com.ssafy.vo.resource.PortfolioResource> com.ssafy.api.PortfolioRestController.findPortfolioByPortfolioId(long) throws java.lang.Exception

Async:
    Async started = false
     Async result = null

Resolved Exception:
             Type = null

ModelAndView:
        View name = null
             View = null
            Model = null

FlashMap:
       Attributes = null

MockHttpServletResponse:
           Status = 200
    Error message = null
          Headers = [Content-Type:"application/hal+json;charset=UTF-8"]
     Content type = application/hal+json;charset=UTF-8
             Body = {"portfolioId":6,"accountEmail":"test@email.com","accountName":"test name","portfolioTitle":"포트폴리오 제목","portfolioContent":"포트폴리오 내용","portfolioCreatedAt":"2019-08-08T09:25:14.689","portfolioGiturl":"www.github.com/repository","portfolioViews":1,"portfolioThumbnailUrl":"/image.png","portfolioComments":[],"links":[{"rel":"self","href":"http://localhost:8080/portfolios/6"}]}
    Forwarded URL = null
   Redirected URL = null
          Cookies = []
]]></system-out>
  </testcase>
  <testcase name="createPortfolio" classname="com.ssafy.api.PortfolioRestControllerTests" time="0.032">
    <error message="The following parts of the payload were not documented:&#10;{&#10;  &quot;portfolioComments&quot; : [ ]&#10;}" type="org.springframework.restdocs.snippet.SnippetException">org.springframework.restdocs.snippet.SnippetException: 
The following parts of the payload were not documented:
{
  "portfolioComments" : [ ]
}
	at com.ssafy.api.PortfolioRestControllerTests.createPortfolio(PortfolioRestControllerTests.java:42)
</error>
    <system-out><![CDATA[2019-08-08 09:25:14 INFO [#] [START] - [ACCOUNT : test@email.com | AUTH : 2] / [LOCATION : com.ssafy.api.PortfolioRestController | [METHOD (POST) : createPortfolio()]
2019-08-08 09:25:14 INFO [#] [ END ] - [ACCOUNT : test@email.com | AUTH : 2] / [LOCATION : com.ssafy.api.PortfolioRestController | [METHOD (POST) : createPortfolio()]

MockHttpServletRequest:
      HTTP Method = POST
      Request URI = /portfolios
       Parameters = {}
          Headers = [Content-Type:"application/json;charset=UTF-8", accountEmail:"test@email.com", accountAuth:"2"]
             Body = {"portfolioId":0,"accountEmail":"test@email.com","accountName":"test name","portfolioTitle":"포트폴리오 제목","portfolioContent":"포트폴리오 내용","portfolioGiturl":"www.github.com/repository","portfolioViews":0,"portfolioThumbnailUrl":"/image.png"}
    Session Attrs = {}

Handler:
             Type = com.ssafy.api.PortfolioRestController
           Method = public org.springframework.http.ResponseEntity<com.ssafy.vo.resource.PortfolioResource> com.ssafy.api.PortfolioRestController.createPortfolio(java.lang.String,int,com.ssafy.vo.Portfolio) throws java.lang.Exception

Async:
    Async started = false
     Async result = null

Resolved Exception:
             Type = null

ModelAndView:
        View name = null
             View = null
            Model = null

FlashMap:
       Attributes = null

MockHttpServletResponse:
           Status = 201
    Error message = null
          Headers = [Location:"http://localhost:8080/portfolios/7", Content-Type:"application/hal+json;charset=UTF-8"]
     Content type = application/hal+json;charset=UTF-8
             Body = {"portfolioId":7,"accountEmail":"test@email.com","accountName":"test name","portfolioTitle":"포트폴리오 제목","portfolioContent":"포트폴리오 내용","portfolioCreatedAt":"2019-08-08T09:25:14.72","portfolioGiturl":"www.github.com/repository","portfolioViews":0,"portfolioThumbnailUrl":"/image.png","portfolioComments":[],"links":[{"rel":"self","href":"http://localhost:8080/portfolios/7"},{"rel":"update","href":"http://localhost:8080/portfolios/7"},{"rel":"delete","href":"http://localhost:8080/portfolios/7"}]}
    Forwarded URL = null
   Redirected URL = http://localhost:8080/portfolios/7
          Cookies = []

MockHttpServletRequest:
      HTTP Method = DELETE
      Request URI = /portfolios/1/comments/1
       Parameters = {}
          Headers = [accountEmail:"test@email.com", accountAuth:"2"]
             Body = null
    Session Attrs = {}

Handler:
             Type = com.ssafy.api.PortfolioCommentRestController
           Method = public org.springframework.http.ResponseEntity<?> com.ssafy.api.PortfolioCommentRestController.deletePortfolioCommentByPortfolioCommentId(java.lang.String,int,long) throws java.lang.Exception

Async:
    Async started = false
     Async result = null

Resolved Exception:
             Type = java.lang.NullPointerException

ModelAndView:
        View name = null
             View = null
            Model = null

FlashMap:
       Attributes = null

MockHttpServletResponse:
           Status = 400
    Error message = null
          Headers = []
     Content type = null
             Body = 
    Forwarded URL = null
   Redirected URL = null
          Cookies = []

MockHttpServletRequest:
      HTTP Method = PUT
      Request URI = /portfolios/2/comments/2
       Parameters = {}
          Headers = [Content-Type:"application/json;charset=UTF-8", accountEmail:"test@email.com", accountAuth:"2"]
             Body = {"portfolioCommentId":2,"accountEmail":"test@email.com","accountName":"test name","portfolioCommentContent":"내용 수정","portfolioCommentCreatedAt":"2019-08-08T09:25:14.13"}
    Session Attrs = {}

Handler:
             Type = com.ssafy.api.PortfolioCommentRestController
           Method = public org.springframework.http.ResponseEntity<com.ssafy.vo.resource.PortfolioCommentResource> com.ssafy.api.PortfolioCommentRestController.updatePortfolioComment(java.lang.String,int,long,com.ssafy.vo.PortfolioComment) throws java.lang.Exception

Async:
    Async started = false
     Async result = null

Resolved Exception:
             Type = null

ModelAndView:
        View name = null
             View = null
            Model = null

FlashMap:
       Attributes = null

MockHttpServletResponse:
           Status = 200
    Error message = null
          Headers = [Content-Type:"application/hal+json;charset=UTF-8"]
     Content type = application/hal+json;charset=UTF-8
             Body = {"portfolioCommentId":2,"accountEmail":"test@email.com","accountName":"test name","portfolioCommentContent":"내용 수정","portfolioCommentCreatedAt":"2019-08-08T09:25:14.13","links":[{"rel":"self","href":"http://localhost:8080/portfolios/2"},{"rel":"delete","href":"http://localhost:8080/portfolios/2"}]}
    Forwarded URL = null
   Redirected URL = null
          Cookies = []

MockHttpServletRequest:
      HTTP Method = POST
      Request URI = /portfolios/3/comments
       Parameters = {}
          Headers = [Content-Type:"application/json;charset=UTF-8", accountEmail:"test@email.com", accountAuth:"2"]
             Body = {"portfolioCommentId":0,"accountEmail":"test@email.com","accountName":"test name","portfolioCommentContent":"댓글 내용"}
    Session Attrs = {}

Handler:
             Type = com.ssafy.api.PortfolioCommentRestController
           Method = public org.springframework.http.ResponseEntity<com.ssafy.vo.resource.PortfolioCommentResource> com.ssafy.api.PortfolioCommentRestController.createPortfolioComment(java.lang.String,int,long,com.ssafy.vo.PortfolioComment) throws java.lang.Exception

Async:
    Async started = false
     Async result = null

Resolved Exception:
             Type = null

ModelAndView:
        View name = null
             View = null
            Model = null

FlashMap:
       Attributes = null

MockHttpServletResponse:
           Status = 201
    Error message = null
          Headers = [Location:"http://localhost:8080/portfolios/3", Content-Type:"application/hal+json;charset=UTF-8"]
     Content type = application/hal+json;charset=UTF-8
             Body = {"portfolioCommentId":3,"accountEmail":"test@email.com","accountName":"test name","portfolioCommentContent":"댓글 내용","portfolioCommentCreatedAt":"2019-08-08T09:25:14.346","links":[{"rel":"self","href":"http://localhost:8080/portfolios/3"},{"rel":"update","href":"http://localhost:8080/portfolios/3"},{"rel":"delete","href":"http://localhost:8080/portfolios/3"}]}
    Forwarded URL = null
   Redirected URL = http://localhost:8080/portfolios/3
          Cookies = []

MockHttpServletRequest:
      HTTP Method = PUT
      Request URI = /portfolios/4
       Parameters = {}
          Headers = [Content-Type:"application/json;charset=UTF-8", accountEmail:"test@email.com", accountAuth:"2"]
             Body = {"portfolioId":4,"accountEmail":"test@email.com","accountName":"test name","portfolioTitle":"update title","portfolioContent":"update content","portfolioCreatedAt":"2019-08-08T09:25:14.383","portfolioGiturl":"www.github.com/repository","portfolioViews":0,"portfolioThumbnailUrl":"/image.png"}
    Session Attrs = {}

Handler:
             Type = com.ssafy.api.PortfolioRestController
           Method = public org.springframework.http.ResponseEntity<com.ssafy.vo.resource.PortfolioResource> com.ssafy.api.PortfolioRestController.updatePortfolio(java.lang.String,int,long,com.ssafy.vo.Portfolio) throws java.lang.Exception

Async:
    Async started = false
     Async result = null

Resolved Exception:
             Type = null

ModelAndView:
        View name = null
             View = null
            Model = null

FlashMap:
       Attributes = null

MockHttpServletResponse:
           Status = 200
    Error message = null
          Headers = [Content-Type:"application/hal+json;charset=UTF-8"]
     Content type = application/hal+json;charset=UTF-8
             Body = {"portfolioId":4,"accountEmail":"test@email.com","accountName":"test name","portfolioTitle":"update title","portfolioContent":"update content","portfolioCreatedAt":"2019-08-08T09:25:14.47","portfolioGiturl":"www.github.com/repository","portfolioViews":0,"portfolioThumbnailUrl":"/image.png","portfolioComments":[],"links":[{"rel":"self","href":"http://localhost:8080/portfolios/4"},{"rel":"delete","href":"http://localhost:8080/portfolios/4"}]}
    Forwarded URL = null
   Redirected URL = null
          Cookies = []

MockHttpServletRequest:
      HTTP Method = GET
      Request URI = /portfolios/pages/1
       Parameters = {}
          Headers = []
             Body = null
    Session Attrs = {}

Handler:
             Type = com.ssafy.api.PortfolioRestController
           Method = public org.springframework.http.ResponseEntity<org.springframework.hateoas.PagedResources<com.ssafy.vo.resource.PortfolioResource>> com.ssafy.api.PortfolioRestController.findAllPortfolios(int,org.springframework.data.web.PagedResourcesAssembler<com.ssafy.vo.Portfolio>)

Async:
    Async started = false
     Async result = null

Resolved Exception:
             Type = null

ModelAndView:
        View name = null
             View = null
            Model = null

FlashMap:
       Attributes = null

MockHttpServletResponse:
           Status = 200
    Error message = null
          Headers = [Content-Type:"application/hal+json;charset=UTF-8"]
     Content type = application/hal+json;charset=UTF-8
             Body = {"links":[{"rel":"self","href":"http://localhost:8080/portfolios/pages/1?page=0&size=6&sort=portfolioCreatedAt,desc"}],"content":[{"portfolioId":5,"accountEmail":"test@email.com","accountName":"test name","portfolioTitle":"포트폴리오 제목","portfolioContent":"포트폴리오 내용","portfolioCreatedAt":"2019-08-08T09:25:14.513","portfolioGiturl":"www.github.com/repository","portfolioViews":0,"portfolioThumbnailUrl":"/image.png","portfolioComments":[],"links":[{"rel":"self","href":"http://localhost:8080/portfolios/5"}]},{"portfolioId":4,"accountEmail":"test@email.com","accountName":"test name","portfolioTitle":"update title","portfolioContent":"update content","portfolioCreatedAt":"2019-08-08T09:25:14.47","portfolioGiturl":"www.github.com/repository","portfolioViews":0,"portfolioThumbnailUrl":"/image.png","portfolioComments":[],"links":[{"rel":"self","href":"http://localhost:8080/portfolios/4"}]},{"portfolioId":3,"accountEmail":"test@email.com","accountName":"test name","portfolioTitle":"포트폴리오 제목","portfolioContent":"포트폴리오 내용","portfolioCreatedAt":"2019-08-08T09:25:14.342","portfolioGiturl":"www.github.com/repository","portfolioViews":0,"portfolioThumbnailUrl":"/image.png","portfolioComments":[{"portfolioCommentId":3,"accountEmail":"test@email.com","accountName":"test name","portfolioCommentContent":"댓글 내용","portfolioCommentCreatedAt":"2019-08-08T09:25:14.346"}],"links":[{"rel":"self","href":"http://localhost:8080/portfolios/3"}]},{"portfolioId":2,"accountEmail":"test@email.com","accountName":"test name","portfolioTitle":"포트폴리오 제목","portfolioContent":"포트폴리오 내용","portfolioCreatedAt":"2019-08-08T09:25:14.128","portfolioGiturl":"www.github.com/repository","portfolioViews":0,"portfolioThumbnailUrl":"/image.png","portfolioComments":[{"portfolioCommentId":2,"accountEmail":"test@email.com","accountName":"test name","portfolioCommentContent":"내용 수정","portfolioCommentCreatedAt":"2019-08-08T09:25:14.13"}],"links":[{"rel":"self","href":"http://localhost:8080/portfolios/2"}]},{"portfolioId":1,"accountEmail":"test@email.com","accountName":"test name","portfolioTitle":"포트폴리오 제목","portfolioContent":"포트폴리오 내용","portfolioCreatedAt":"2019-08-08T09:25:14.011","portfolioGiturl":"www.github.com/repository","portfolioViews":0,"portfolioThumbnailUrl":"/image.png","portfolioComments":[],"links":[{"rel":"self","href":"http://localhost:8080/portfolios/1"}]}],"page":{"size":6,"totalElements":5,"totalPages":1,"number":0}}
    Forwarded URL = null
   Redirected URL = null
          Cookies = []

MockHttpServletRequest:
      HTTP Method = GET
      Request URI = /portfolios/6
       Parameters = {}
          Headers = []
             Body = null
    Session Attrs = {}

Handler:
             Type = com.ssafy.api.PortfolioRestController
           Method = public org.springframework.http.ResponseEntity<com.ssafy.vo.resource.PortfolioResource> com.ssafy.api.PortfolioRestController.findPortfolioByPortfolioId(long) throws java.lang.Exception

Async:
    Async started = false
     Async result = null

Resolved Exception:
             Type = null

ModelAndView:
        View name = null
             View = null
            Model = null

FlashMap:
       Attributes = null

MockHttpServletResponse:
           Status = 200
    Error message = null
          Headers = [Content-Type:"application/hal+json;charset=UTF-8"]
     Content type = application/hal+json;charset=UTF-8
             Body = {"portfolioId":6,"accountEmail":"test@email.com","accountName":"test name","portfolioTitle":"포트폴리오 제목","portfolioContent":"포트폴리오 내용","portfolioCreatedAt":"2019-08-08T09:25:14.689","portfolioGiturl":"www.github.com/repository","portfolioViews":1,"portfolioThumbnailUrl":"/image.png","portfolioComments":[],"links":[{"rel":"self","href":"http://localhost:8080/portfolios/6"}]}
    Forwarded URL = null
   Redirected URL = null
          Cookies = []

MockHttpServletRequest:
      HTTP Method = POST
      Request URI = /portfolios
       Parameters = {}
          Headers = [Content-Type:"application/json;charset=UTF-8", accountEmail:"test@email.com", accountAuth:"2"]
             Body = {"portfolioId":0,"accountEmail":"test@email.com","accountName":"test name","portfolioTitle":"포트폴리오 제목","portfolioContent":"포트폴리오 내용","portfolioGiturl":"www.github.com/repository","portfolioViews":0,"portfolioThumbnailUrl":"/image.png"}
    Session Attrs = {}

Handler:
             Type = com.ssafy.api.PortfolioRestController
           Method = public org.springframework.http.ResponseEntity<com.ssafy.vo.resource.PortfolioResource> com.ssafy.api.PortfolioRestController.createPortfolio(java.lang.String,int,com.ssafy.vo.Portfolio) throws java.lang.Exception

Async:
    Async started = false
     Async result = null

Resolved Exception:
             Type = null

ModelAndView:
        View name = null
             View = null
            Model = null

FlashMap:
       Attributes = null

MockHttpServletResponse:
           Status = 201
    Error message = null
          Headers = [Location:"http://localhost:8080/portfolios/7", Content-Type:"application/hal+json;charset=UTF-8"]
     Content type = application/hal+json;charset=UTF-8
             Body = {"portfolioId":7,"accountEmail":"test@email.com","accountName":"test name","portfolioTitle":"포트폴리오 제목","portfolioContent":"포트폴리오 내용","portfolioCreatedAt":"2019-08-08T09:25:14.72","portfolioGiturl":"www.github.com/repository","portfolioViews":0,"portfolioThumbnailUrl":"/image.png","portfolioComments":[],"links":[{"rel":"self","href":"http://localhost:8080/portfolios/7"},{"rel":"update","href":"http://localhost:8080/portfolios/7"},{"rel":"delete","href":"http://localhost:8080/portfolios/7"}]}
    Forwarded URL = null
   Redirected URL = http://localhost:8080/portfolios/7
          Cookies = []
]]></system-out>
  </testcase>
  <testcase name="countPortfolios" classname="com.ssafy.api.PortfolioRestControllerTests" time="0.02"/>
  <testcase name="deletePortfolio" classname="com.ssafy.api.PortfolioRestControllerTests" time="0.034"/>
</testsuite>